Arguments: 
  C:\Program Files\nodejs\node.exe C:\Users\dell\AppData\Roaming\npm\node_modules\yarn\bin\yarn.js add node-sass -S-D

PATH: 
  C:\windows\system32;C:\windows;C:\windows\System32\Wbem;C:\windows\System32\WindowsPowerShell\v1.0\;C:\Program Files (x86)\Kingdee\K3ERP\KDSYSTEM;C:\Program Files\TortoiseSVN\bin;C:\Program Files\nodejs\;C:\Program Files\Git\cmd;;C:\Users\dell\AppData\Roaming\npm;C:\Users\dell\AppData\Local\Programs\Microsoft VS Code\bin;C:\Python27

Yarn version: 
  1.22.4

Node version: 
  12.16.2

Platform: 
  win32 x64

Trace: 
  Error: https://registry.yarnpkg.com/-D: Not found
      at Request.params.callback [as _callback] (C:\Users\dell\AppData\Roaming\npm\node_modules\yarn\lib\cli.js:66987:18)
      at Request.self.callback (C:\Users\dell\AppData\Roaming\npm\node_modules\yarn\lib\cli.js:140748:22)
      at Request.emit (events.js:310:20)
      at Request.<anonymous> (C:\Users\dell\AppData\Roaming\npm\node_modules\yarn\lib\cli.js:141720:10)
      at Request.emit (events.js:310:20)
      at IncomingMessage.<anonymous> (C:\Users\dell\AppData\Roaming\npm\node_modules\yarn\lib\cli.js:141642:12)
      at Object.onceWrapper (events.js:416:28)
      at IncomingMessage.emit (events.js:322:22)
      at endReadableNT (_stream_readable.js:1187:12)
      at processTicksAndRejections (internal/process/task_queues.js:84:21)

npm manifest: 
  {
    "name": "video-window",
    "version": "0.1.0",
    "private": true,
    "scripts": {
      "serve": "vue-cli-service serve",
      "build": "vue-cli-service build",
      "lint": "vue-cli-service lint"
    },
    "dependencies": {
      "core-js": "^2.6.5",
      "vue": "^2.6.10",
      "vue-router": "^3.0.3",
      "vuex": "^3.0.1"
    },
    "devDependencies": {
      "@vue/cli-plugin-babel": "^3.12.0",
      "@vue/cli-plugin-eslint": "^3.12.0",
      "@vue/cli-service": "^3.12.0",
      "@vue/eslint-config-standard": "^4.0.0",
      "babel-eslint": "^10.0.1",
      "eslint": "^5.16.0",
      "eslint-plugin-vue": "^5.0.0",
      "node-sass": "^4.12.0",
      "sass-loader": "^8.0.0",
      "vue-template-compiler": "^2.6.10"
    },
    "eslintConfig": {
      "root": true,
      "env": {
        "node": true
      },
      "extends": [
        "plugin:vue/essential",
        "@vue/standard"
      ],
      "rules": {},
      "parserOptions": {
        "parser": "babel-eslint"
      }
    },
    "postcss": {
      "plugins": {
        "autoprefixer": {}
      }
    },
    "browserslist": [
      "> 1%",
      "last 2 versions"
    ]
  }

yarn manifest: 
  No manifest

Lockfile: 
  No lockfile
